<?xml version="1.0" encoding="UTF-8"?>
<testsuite xmlns:xsi="http://www.w3.org/2001/XMLSchema-instance" xsi:noNamespaceSchemaLocation="https://maven.apache.org/surefire/maven-surefire-plugin/xsd/surefire-test-report.xsd" name="com.oawg.io.HelloAppEngineTest" time="1.226" tests="2" errors="0" skipped="0" failures="0">
  <properties>
[...]
</properties>
  <testcase name="doGet_writesResponse" classname="com.oawg.io.HelloAppEngineTest" time="0.748"/>
  <testcase name="HelloInfo_test" classname="com.oawg.io.HelloAppEngineTest" time="0.008"/>
</testsuite>